Unknown:
C:\Users\Bartosz\Desktop\lpda\poprawa_lepszy_git\Result\farfield (f=2000)_1.fme
C:\Users\Bartosz\Desktop\lpda\poprawa_lepszy_git\Result\farfield (f=2100)_1.fme
C:\Users\Bartosz\Desktop\lpda\poprawa_lepszy_git\Result\farfield (f=2350)_1.fme
C:\Users\Bartosz\Desktop\lpda\poprawa_lepszy_git\Result\farfield (f=2650)_1.fme
C:\Users\Bartosz\Desktop\lpda\poprawa_lepszy_git\Result\farfield (f=2700)_1.fme
C:\Users\Bartosz\Desktop\lpda\poprawa_lepszy_git\Result\hardware_resources.sconf
C:\Users\Bartosz\Desktop\lpda\poprawa_lepszy_git\Result\Hex.gap
C:\Users\Bartosz\Desktop\lpda\poprawa_lepszy_git\Result\MCalc.ddi
C:\Users\Bartosz\Desktop\lpda\poprawa_lepszy_git\Result\MCalc.log
C:\Users\Bartosz\Desktop\lpda\poprawa_lepszy_git\Result\ml_info.log
C:\Users\Bartosz\Desktop\lpda\poprawa_lepszy_git\Result\Model.axg
C:\Users\Bartosz\Desktop\lpda\poprawa_lepszy_git\Result\Model.coco
C:\Users\Bartosz\Desktop\lpda\poprawa_lepszy_git\Result\Model.ddi
C:\Users\Bartosz\Desktop\lpda\poprawa_lepszy_git\Result\Model.log
C:\Users\Bartosz\Desktop\lpda\poprawa_lepszy_git\Result\Model.sa
C:\Users\Bartosz\Desktop\lpda\poprawa_lepszy_git\Result\Model.sam
C:\Users\Bartosz\Desktop\lpda\poprawa_lepszy_git\Result\ModelPBA.axg
C:\Users\Bartosz\Desktop\lpda\poprawa_lepszy_git\Result\m^fifx.dsc
C:\Users\Bartosz\Desktop\lpda\poprawa_lepszy_git\Result\m^fqq.dsc
C:\Users\Bartosz\Desktop\lpda\poprawa_lepszy_git\Result\Ports.web
C:\Users\Bartosz\Desktop\lpda\poprawa_lepszy_git\Result\PP-MCalc.log
C:\Users\Bartosz\Desktop\lpda\poprawa_lepszy_git\Result\PP-Prio.log
C:\Users\Bartosz\Desktop\lpda\poprawa_lepszy_git\Result\p^a.dsc
C:\Users\Bartosz\Desktop\lpda\poprawa_lepszy_git\Result\P^m^fbqq.slog
C:\Users\Bartosz\Desktop\lpda\poprawa_lepszy_git\Result\P^m^fqq.slog
C:\Users\Bartosz\Desktop\lpda\poprawa_lepszy_git\Result\P^p^m.slog
C:\Users\Bartosz\Desktop\lpda\poprawa_lepszy_git\Result\P^s^pm.slog
C:\Users\Bartosz\Desktop\lpda\poprawa_lepszy_git\Result\WEP.log
Mesh:
C:\Users\Bartosz\Desktop\lpda\poprawa_lepszy_git\Result\dA.mat
C:\Users\Bartosz\Desktop\lpda\poprawa_lepszy_git\Result\dad.mat
C:\Users\Bartosz\Desktop\lpda\poprawa_lepszy_git\Result\ds.mat
C:\Users\Bartosz\Desktop\lpda\poprawa_lepszy_git\Result\dsd.mat
C:\Users\Bartosz\Desktop\lpda\poprawa_lepszy_git\Result\dsMCalc.mat
C:\Users\Bartosz\Desktop\lpda\poprawa_lepszy_git\Result\Eps.mat
C:\Users\Bartosz\Desktop\lpda\poprawa_lepszy_git\Result\HexMatrix.m2h
C:\Users\Bartosz\Desktop\lpda\poprawa_lepszy_git\Result\HexMatrix^f^d^1.m2h
C:\Users\Bartosz\Desktop\lpda\poprawa_lepszy_git\Result\HexMatrix^f^n^1.m2h
C:\Users\Bartosz\Desktop\lpda\poprawa_lepszy_git\Result\HexMatrix_MCalc.m2h
C:\Users\Bartosz\Desktop\lpda\poprawa_lepszy_git\Result\MCalc.fmp
C:\Users\Bartosz\Desktop\lpda\poprawa_lepszy_git\Result\MCalc.xcfd
C:\Users\Bartosz\Desktop\lpda\poprawa_lepszy_git\Result\MCalcCCS_c.mson
C:\Users\Bartosz\Desktop\lpda\poprawa_lepszy_git\Result\Meta.m2h
C:\Users\Bartosz\Desktop\lpda\poprawa_lepszy_git\Result\Model-fmf.msqlite
C:\Users\Bartosz\Desktop\lpda\poprawa_lepszy_git\Result\Model.cct
C:\Users\Bartosz\Desktop\lpda\poprawa_lepszy_git\Result\Model.fmf
C:\Users\Bartosz\Desktop\lpda\poprawa_lepszy_git\Result\Model.fmm
C:\Users\Bartosz\Desktop\lpda\poprawa_lepszy_git\Result\Model.fpc
C:\Users\Bartosz\Desktop\lpda\poprawa_lepszy_git\Result\Model.fwf
C:\Users\Bartosz\Desktop\lpda\poprawa_lepszy_git\Result\Model.sic
C:\Users\Bartosz\Desktop\lpda\poprawa_lepszy_git\Result\Model.sid
C:\Users\Bartosz\Desktop\lpda\poprawa_lepszy_git\Result\Model.spi
C:\Users\Bartosz\Desktop\lpda\poprawa_lepszy_git\Result\Model.xcfd
C:\Users\Bartosz\Desktop\lpda\poprawa_lepszy_git\Result\Mue.mat
C:\Users\Bartosz\Desktop\lpda\poprawa_lepszy_git\Result\m^fqq.mem
C:\Users\Bartosz\Desktop\lpda\poprawa_lepszy_git\Result\PEC.mat
C:\Users\Bartosz\Desktop\lpda\poprawa_lepszy_git\Result\Ports.fpt
C:\Users\Bartosz\Desktop\lpda\poprawa_lepszy_git\Result\p^a.mem
C:\Users\Bartosz\Desktop\lpda\poprawa_lepszy_git\Result\p^m.mem
C:\Users\Bartosz\Desktop\lpda\poprawa_lepszy_git\Result\Rho.mat
C:\Users\Bartosz\Desktop\lpda\poprawa_lepszy_git\Result\S2HMatrix.m2h
C:\Users\Bartosz\Desktop\lpda\poprawa_lepszy_git\Result\Shapes.con
C:\Users\Bartosz\Desktop\lpda\poprawa_lepszy_git\Result\s^pm.mem
Port:
C:\Users\Bartosz\Desktop\lpda\poprawa_lepszy_git\Result\Model.pmi
